# JRE version: Java(TM) SE Runtime Environment (22.0.1+8) (build 22.0.1+8-16)
# Java VM: Java HotSpot(TM) 64-Bit Server VM (22.0.1+8-16, mixed mode, sharing, tiered, compressed oops, compressed class ptrs, g1 gc, windows-amd64)
GC Precious Log:
 CardTable entry size: 512
 Card Set container configuration: InlinePtr #cards 4 size 8 Array Of Cards #cards 16 size 48 Howl #buckets 8 coarsen threshold 3686 Howl Bitmap #cards 512 size 80 coarsen threshold 460 Card regions per heap region 1 cards per card region 4096
 CPUs: 12 total, 12 available
 Memory: 16076M
 Large Page Support: Disabled
 NUMA Support: Disabled
 Compressed Oops: Enabled (Zero based)
 Heap Region Size: 2M
 Heap Min Capacity: 8M
 Heap Initial Capacity: 252M
 Heap Max Capacity: 4020M
 Pre-touch: Disabled
 Parallel Workers: 10
 Concurrent Workers: 3
 Concurrent Refinement Workers: 10
 Periodic GC: Disabled
Heap:
 garbage-first heap   total reserved 4116480K, committed 92160K, used 69472K [0x0000000704c00000, 0x0000000800000000)
  region size 2048K, 22 young (45056K), 2 survivors (4096K)
 Metaspace       used 43383K, committed 45120K, reserved 1114112K
  class space    used 6794K, committed 7552K, reserved 1048576K
GC Heap History (20 events):
Event: 2.414 GC heap before
{Heap before GC invocations=4 (full 0):
 garbage-first heap   total reserved 4116480K, committed 61440K, used 58661K [0x0000000704c00000, 0x0000000800000000)
  region size 2048K, 24 young (49152K), 3 survivors (6144K)
 Metaspace       used 24757K, committed 25216K, reserved 1114112K
  class space    used 3241K, committed 3456K, reserved 1048576K
}
Event: 2.422 GC heap after
{Heap after GC invocations=5 (full 0):
 garbage-first heap   total reserved 4116480K, committed 73728K, used 20557K [0x0000000704c00000, 0x0000000800000000)
  region size 2048K, 5 young (10240K), 5 survivors (10240K)
 Metaspace       used 24757K, committed 25216K, reserved 1114112K
  class space    used 3241K, committed 3456K, reserved 1048576K
}
Event: 2.699 GC heap before
{Heap before GC invocations=5 (full 0):
 garbage-first heap   total reserved 4116480K, committed 73728K, used 51277K [0x0000000704c00000, 0x0000000800000000)
  region size 2048K, 20 young (40960K), 5 survivors (10240K)
 Metaspace       used 28139K, committed 28800K, reserved 1114112K
  class space    used 3843K, committed 4096K, reserved 1048576K
}
Event: 2.708 GC heap after
{Heap after GC invocations=6 (full 0):
 garbage-first heap   total reserved 4116480K, committed 73728K, used 23723K [0x0000000704c00000, 0x0000000800000000)
  region size 2048K, 2 young (4096K), 2 survivors (4096K)
 Metaspace       used 28139K, committed 28800K, reserved 1114112K
  class space    used 3843K, committed 4096K, reserved 1048576K
}
Event: 3.148 GC heap before
{Heap before GC invocations=6 (full 0):
 garbage-first heap   total reserved 4116480K, committed 73728K, used 56491K [0x0000000704c00000, 0x0000000800000000)
  region size 2048K, 18 young (36864K), 2 survivors (4096K)
 Metaspace       used 33540K, committed 34688K, reserved 1114112K
  class space    used 5278K, committed 5760K, reserved 1048576K
}
Event: 3.159 GC heap after
{Heap after GC invocations=7 (full 0):
 garbage-first heap   total reserved 4116480K, committed 73728K, used 25717K [0x0000000704c00000, 0x0000000800000000)
  region size 2048K, 3 young (6144K), 3 survivors (6144K)
 Metaspace       used 33540K, committed 34688K, reserved 1114112K
  class space    used 5278K, committed 5760K, reserved 1048576K
}
Event: 5.990 GC heap before
{Heap before GC invocations=7 (full 0):
 garbage-first heap   total reserved 4116480K, committed 73728K, used 38005K [0x0000000704c00000, 0x0000000800000000)
  region size 2048K, 10 young (20480K), 3 survivors (6144K)
 Metaspace       used 34888K, committed 35968K, reserved 1114112K
  class space    used 5532K, committed 6016K, reserved 1048576K
}
Event: 5.999 GC heap after
{Heap after GC invocations=8 (full 0):
 garbage-first heap   total reserved 4116480K, committed 92160K, used 27298K [0x0000000704c00000, 0x0000000800000000)
  region size 2048K, 3 young (6144K), 3 survivors (6144K)
 Metaspace       used 34888K, committed 35968K, reserved 1114112K
  class space    used 5532K, committed 6016K, reserved 1048576K
}
Event: 6.622 GC heap before
{Heap before GC invocations=9 (full 0):
 garbage-first heap   total reserved 4116480K, committed 92160K, used 70306K [0x0000000704c00000, 0x0000000800000000)
  region size 2048K, 24 young (49152K), 3 survivors (6144K)
 Metaspace       used 38863K, committed 39872K, reserved 1114112K
  class space    used 6213K, committed 6656K, reserved 1048576K
}
Event: 6.632 GC heap after
{Heap after GC invocations=10 (full 0):
 garbage-first heap   total reserved 4116480K, committed 92160K, used 31659K [0x0000000704c00000, 0x0000000800000000)
  region size 2048K, 3 young (6144K), 3 survivors (6144K)
 Metaspace       used 38863K, committed 39872K, reserved 1114112K
  class space    used 6213K, committed 6656K, reserved 1048576K
}
Event: 28.193 GC heap before
{Heap before GC invocations=10 (full 0):
 garbage-first heap   total reserved 4116480K, committed 92160K, used 72619K [0x0000000704c00000, 0x0000000800000000)
  region size 2048K, 24 young (49152K), 3 survivors (6144K)
 Metaspace       used 42112K, committed 43840K, reserved 1114112K
  class space    used 6762K, committed 7488K, reserved 1048576K
}
Event: 28.205 GC heap after
{Heap after GC invocations=11 (full 0):
 garbage-first heap   total reserved 4116480K, committed 92160K, used 30133K [0x0000000704c00000, 0x0000000800000000)
  region size 2048K, 1 young (2048K), 1 survivors (2048K)
 Metaspace       used 42112K, committed 43840K, reserved 1114112K
  class space    used 6762K, committed 7488K, reserved 1048576K
}
Event: 28.994 GC heap before
{Heap before GC invocations=11 (full 0):
 garbage-first heap   total reserved 4116480K, committed 92160K, used 75189K [0x0000000704c00000, 0x0000000800000000)
  region size 2048K, 24 young (49152K), 1 survivors (2048K)
 Metaspace       used 42609K, committed 44352K, reserved 1114112K
  class space    used 6783K, committed 7488K, reserved 1048576K
}
Event: 28.999 GC heap after
{Heap after GC invocations=12 (full 0):
 garbage-first heap   total reserved 4116480K, committed 92160K, used 30133K [0x0000000704c00000, 0x0000000800000000)
  region size 2048K, 1 young (2048K), 1 survivors (2048K)
 Metaspace       used 42609K, committed 44352K, reserved 1114112K
  class space    used 6783K, committed 7488K, reserved 1048576K
}
Event: 30.679 GC heap before
{Heap before GC invocations=12 (full 0):
 garbage-first heap   total reserved 4116480K, committed 92160K, used 79285K [0x0000000704c00000, 0x0000000800000000)
  region size 2048K, 25 young (51200K), 1 survivors (2048K)
 Metaspace       used 42892K, committed 44672K, reserved 1114112K
  class space    used 6785K, committed 7552K, reserved 1048576K
}
Event: 30.684 GC heap after
{Heap after GC invocations=13 (full 0):
 garbage-first heap   total reserved 4116480K, committed 92160K, used 30344K [0x0000000704c00000, 0x0000000800000000)
  region size 2048K, 2 young (4096K), 2 survivors (4096K)
 Metaspace       used 42892K, committed 44672K, reserved 1114112K
  class space    used 6785K, committed 7552K, reserved 1048576K
}
Event: 31.457 GC heap before
{Heap before GC invocations=13 (full 0):
 garbage-first heap   total reserved 4116480K, committed 92160K, used 77448K [0x0000000704c00000, 0x0000000800000000)
  region size 2048K, 26 young (53248K), 2 survivors (4096K)
 Metaspace       used 43169K, committed 44928K, reserved 1114112K
  class space    used 6790K, committed 7552K, reserved 1048576K
}
Event: 31.462 GC heap after
{Heap after GC invocations=14 (full 0):
 garbage-first heap   total reserved 4116480K, committed 92160K, used 30544K [0x0000000704c00000, 0x0000000800000000)
  region size 2048K, 2 young (4096K), 2 survivors (4096K)
 Metaspace       used 43169K, committed 44928K, reserved 1114112K
  class space    used 6790K, committed 7552K, reserved 1048576K
}
Event: 31.822 GC heap before
{Heap before GC invocations=14 (full 0):
 garbage-first heap   total reserved 4116480K, committed 92160K, used 77648K [0x0000000704c00000, 0x0000000800000000)
  region size 2048K, 26 young (53248K), 2 survivors (4096K)
 Metaspace       used 43321K, committed 45056K, reserved 1114112K
  class space    used 6791K, committed 7552K, reserved 1048576K
}
Event: 31.827 GC heap after
{Heap after GC invocations=15 (full 0):
 garbage-first heap   total reserved 4116480K, committed 92160K, used 30560K [0x0000000704c00000, 0x0000000800000000)
  region size 2048K, 2 young (4096K), 2 survivors (4096K)
 Metaspace       used 43321K, committed 45056K, reserved 1114112K
  class space    used 6791K, committed 7552K, reserved 1048576K
}

