# JRE version: Java(TM) SE Runtime Environment (22.0.1+8) (build 22.0.1+8-16)
# Java VM: Java HotSpot(TM) 64-Bit Server VM (22.0.1+8-16, mixed mode, sharing, tiered, compressed oops, compressed class ptrs, g1 gc, windows-amd64)
GC Precious Log:
 CardTable entry size: 512
 Card Set container configuration: InlinePtr #cards 4 size 8 Array Of Cards #cards 16 size 48 Howl #buckets 8 coarsen threshold 3686 Howl Bitmap #cards 512 size 80 coarsen threshold 460 Card regions per heap region 1 cards per card region 4096
 CPUs: 12 total, 12 available
 Memory: 16076M
 Large Page Support: Disabled
 NUMA Support: Disabled
 Compressed Oops: Enabled (Zero based)
 Heap Region Size: 2M
 Heap Min Capacity: 8M
 Heap Initial Capacity: 252M
 Heap Max Capacity: 4020M
 Pre-touch: Disabled
 Parallel Workers: 10
 Concurrent Workers: 3
 Concurrent Refinement Workers: 10
 Periodic GC: Disabled
Heap:
 garbage-first heap   total reserved 4116480K, committed 112640K, used 49858K [0x0000000704c00000, 0x0000000800000000)
  region size 2048K, 12 young (24576K), 2 survivors (4096K)
 Metaspace       used 45806K, committed 47616K, reserved 1114112K
  class space    used 7061K, committed 7808K, reserved 1048576K
GC Heap History (20 events):
Event: 11.628 GC heap before
{Heap before GC invocations=10 (full 0):
 garbage-first heap   total reserved 4116480K, committed 71680K, used 55495K [0x0000000704c00000, 0x0000000800000000)
  region size 2048K, 16 young (32768K), 3 survivors (6144K)
 Metaspace       used 41169K, committed 42112K, reserved 1114112K
  class space    used 6458K, committed 6912K, reserved 1048576K
}
Event: 11.639 GC heap after
{Heap after GC invocations=11 (full 0):
 garbage-first heap   total reserved 4116480K, committed 71680K, used 33179K [0x0000000704c00000, 0x0000000800000000)
  region size 2048K, 2 young (4096K), 2 survivors (4096K)
 Metaspace       used 41169K, committed 42112K, reserved 1114112K
  class space    used 6458K, committed 6912K, reserved 1048576K
}
Event: 14.268 GC heap before
{Heap before GC invocations=11 (full 0):
 garbage-first heap   total reserved 4116480K, committed 71680K, used 59803K [0x0000000704c00000, 0x0000000800000000)
  region size 2048K, 15 young (30720K), 2 survivors (4096K)
 Metaspace       used 43493K, committed 45056K, reserved 1114112K
  class space    used 6908K, committed 7552K, reserved 1048576K
}
Event: 14.273 GC heap after
{Heap after GC invocations=12 (full 0):
 garbage-first heap   total reserved 4116480K, committed 112640K, used 31959K [0x0000000704c00000, 0x0000000800000000)
  region size 2048K, 1 young (2048K), 1 survivors (2048K)
 Metaspace       used 43493K, committed 45056K, reserved 1114112K
  class space    used 6908K, committed 7552K, reserved 1048576K
}
Event: 28.051 GC heap before
{Heap before GC invocations=12 (full 0):
 garbage-first heap   total reserved 4116480K, committed 112640K, used 93399K [0x0000000704c00000, 0x0000000800000000)
  region size 2048K, 32 young (65536K), 1 survivors (2048K)
 Metaspace       used 44909K, committed 46656K, reserved 1114112K
  class space    used 7044K, committed 7808K, reserved 1048576K
}
Event: 28.055 GC heap after
{Heap after GC invocations=13 (full 0):
 garbage-first heap   total reserved 4116480K, committed 112640K, used 32681K [0x0000000704c00000, 0x0000000800000000)
  region size 2048K, 1 young (2048K), 1 survivors (2048K)
 Metaspace       used 44909K, committed 46656K, reserved 1114112K
  class space    used 7044K, committed 7808K, reserved 1048576K
}
Event: 29.812 GC heap before
{Heap before GC invocations=13 (full 0):
 garbage-first heap   total reserved 4116480K, committed 112640K, used 96169K [0x0000000704c00000, 0x0000000800000000)
  region size 2048K, 33 young (67584K), 1 survivors (2048K)
 Metaspace       used 45258K, committed 47040K, reserved 1114112K
  class space    used 7050K, committed 7808K, reserved 1048576K
}
Event: 29.817 GC heap after
{Heap after GC invocations=14 (full 0):
 garbage-first heap   total reserved 4116480K, committed 112640K, used 32943K [0x0000000704c00000, 0x0000000800000000)
  region size 2048K, 2 young (4096K), 2 survivors (4096K)
 Metaspace       used 45258K, committed 47040K, reserved 1114112K
  class space    used 7050K, committed 7808K, reserved 1048576K
}
Event: 30.409 GC heap before
{Heap before GC invocations=14 (full 0):
 garbage-first heap   total reserved 4116480K, committed 112640K, used 94383K [0x0000000704c00000, 0x0000000800000000)
  region size 2048K, 33 young (67584K), 2 survivors (4096K)
 Metaspace       used 45482K, committed 47232K, reserved 1114112K
  class space    used 7052K, committed 7808K, reserved 1048576K
}
Event: 30.414 GC heap after
{Heap after GC invocations=15 (full 0):
 garbage-first heap   total reserved 4116480K, committed 112640K, used 33161K [0x0000000704c00000, 0x0000000800000000)
  region size 2048K, 2 young (4096K), 2 survivors (4096K)
 Metaspace       used 45482K, committed 47232K, reserved 1114112K
  class space    used 7052K, committed 7808K, reserved 1048576K
}
Event: 41.546 GC heap before
{Heap before GC invocations=15 (full 0):
 garbage-first heap   total reserved 4116480K, committed 112640K, used 94601K [0x0000000704c00000, 0x0000000800000000)
  region size 2048K, 33 young (67584K), 2 survivors (4096K)
 Metaspace       used 45721K, committed 47488K, reserved 1114112K
  class space    used 7056K, committed 7808K, reserved 1048576K
}
Event: 41.550 GC heap after
{Heap after GC invocations=16 (full 0):
 garbage-first heap   total reserved 4116480K, committed 112640K, used 33189K [0x0000000704c00000, 0x0000000800000000)
  region size 2048K, 2 young (4096K), 2 survivors (4096K)
 Metaspace       used 45721K, committed 47488K, reserved 1114112K
  class space    used 7056K, committed 7808K, reserved 1048576K
}
Event: 45.054 GC heap before
{Heap before GC invocations=16 (full 0):
 garbage-first heap   total reserved 4116480K, committed 112640K, used 94629K [0x0000000704c00000, 0x0000000800000000)
  region size 2048K, 33 young (67584K), 2 survivors (4096K)
 Metaspace       used 45730K, committed 47488K, reserved 1114112K
  class space    used 7056K, committed 7808K, reserved 1048576K
}
Event: 45.059 GC heap after
{Heap after GC invocations=17 (full 0):
 garbage-first heap   total reserved 4116480K, committed 112640K, used 33218K [0x0000000704c00000, 0x0000000800000000)
  region size 2048K, 2 young (4096K), 2 survivors (4096K)
 Metaspace       used 45730K, committed 47488K, reserved 1114112K
  class space    used 7056K, committed 7808K, reserved 1048576K
}
Event: 46.722 GC heap before
{Heap before GC invocations=17 (full 0):
 garbage-first heap   total reserved 4116480K, committed 112640K, used 94658K [0x0000000704c00000, 0x0000000800000000)
  region size 2048K, 33 young (67584K), 2 survivors (4096K)
 Metaspace       used 45736K, committed 47488K, reserved 1114112K
  class space    used 7057K, committed 7808K, reserved 1048576K
}
Event: 46.730 GC heap after
{Heap after GC invocations=18 (full 0):
 garbage-first heap   total reserved 4116480K, committed 112640K, used 33221K [0x0000000704c00000, 0x0000000800000000)
  region size 2048K, 2 young (4096K), 2 survivors (4096K)
 Metaspace       used 45736K, committed 47488K, reserved 1114112K
  class space    used 7057K, committed 7808K, reserved 1048576K
}
Event: 48.085 GC heap before
{Heap before GC invocations=18 (full 0):
 garbage-first heap   total reserved 4116480K, committed 112640K, used 94661K [0x0000000704c00000, 0x0000000800000000)
  region size 2048K, 33 young (67584K), 2 survivors (4096K)
 Metaspace       used 45768K, committed 47552K, reserved 1114112K
  class space    used 7059K, committed 7808K, reserved 1048576K
}
Event: 48.098 GC heap after
{Heap after GC invocations=19 (full 0):
 garbage-first heap   total reserved 4116480K, committed 112640K, used 33445K [0x0000000704c00000, 0x0000000800000000)
  region size 2048K, 2 young (4096K), 2 survivors (4096K)
 Metaspace       used 45768K, committed 47552K, reserved 1114112K
  class space    used 7059K, committed 7808K, reserved 1048576K
}
Event: 49.548 GC heap before
{Heap before GC invocations=19 (full 0):
 garbage-first heap   total reserved 4116480K, committed 112640K, used 94885K [0x0000000704c00000, 0x0000000800000000)
  region size 2048K, 33 young (67584K), 2 survivors (4096K)
 Metaspace       used 45804K, committed 47616K, reserved 1114112K
  class space    used 7060K, committed 7808K, reserved 1048576K
}
Event: 49.561 GC heap after
{Heap after GC invocations=20 (full 0):
 garbage-first heap   total reserved 4116480K, committed 112640K, used 33474K [0x0000000704c00000, 0x0000000800000000)
  region size 2048K, 2 young (4096K), 2 survivors (4096K)
 Metaspace       used 45804K, committed 47616K, reserved 1114112K
  class space    used 7060K, committed 7808K, reserved 1048576K
}

